<?xml version="1.0" encoding="UTF-8"?>
<!-- Generated by org.testng.reporters.JUnitXMLReporter -->
<testsuite hostname="LAPTOP-9F5ANEPK" ignored="0" name="Default test" tests="3" failures="0" timestamp="2021-01-30T18:57:01 GMT" time="44.709" errors="0">
  <testcase name="Login" time="19.44" classname="frameWorkPractice.TC001_Login"/>
  <testcase name="Wishlist" time="13.135" classname="frameWorkPractice.TC002_Wishlist"/>
  <testcase name="Product" time="12.071" classname="frameWorkPractice.TC003_Product"/>
</testsuite> <!-- Default test -->
