<?xml version="1.0" encoding="UTF-8"?>
<!-- Generated by org.testng.reporters.JUnitXMLReporter -->
<testsuite hostname="LAPTOP-9F5ANEPK" ignored="0" name="Default test" tests="2" failures="0" timestamp="2021-01-31T12:06:16 GMT" time="111.635" errors="0">
  <testcase name="runScenario" time="33.801" classname="cucumber.api.testng.AbstractTestNGCucumberTests"/>
  <testcase name="runScenario" time="77.642" classname="cucumber.api.testng.AbstractTestNGCucumberTests"/>
</testsuite> <!-- Default test -->
