<?xml version="1.0" encoding="UTF-8"?>
<testng-results skipped="0" failed="0" ignored="0" total="3" passed="3">
  <reporter-output>
  </reporter-output>
  <suite name="Default suite" duration-ms="44709" started-at="2021-01-30T18:56:16 GMT" finished-at="2021-01-30T18:57:01 GMT">
    <groups>
    </groups>
    <test name="Default test" duration-ms="44709" started-at="2021-01-30T18:56:16 GMT" finished-at="2021-01-30T18:57:01 GMT">
      <class name="frameWorkPractice.TC003_Product">
        <test-method status="PASS" signature="Login()[pri:0, instance:frameWorkPractice.TC003_Product@7d0587f1]" name="Login" duration-ms="19440" started-at="2021-01-30T18:56:16 GMT" finished-at="2021-01-30T18:56:35 GMT">
          <reporter-output>
          </reporter-output>
        </test-method> <!-- Login -->
        <test-method status="PASS" signature="Wishlist()[pri:0, instance:frameWorkPractice.TC003_Product@7d0587f1]" name="Wishlist" duration-ms="13135" started-at="2021-01-30T18:56:35 GMT" finished-at="2021-01-30T18:56:49 GMT">
          <reporter-output>
          </reporter-output>
        </test-method> <!-- Wishlist -->
        <test-method status="PASS" signature="Product()[pri:0, instance:frameWorkPractice.TC003_Product@7d0587f1]" name="Product" duration-ms="12071" started-at="2021-01-30T18:56:49 GMT" finished-at="2021-01-30T18:57:01 GMT">
          <reporter-output>
          </reporter-output>
        </test-method> <!-- Product -->
      </class> <!-- frameWorkPractice.TC003_Product -->
    </test> <!-- Default test -->
  </suite> <!-- Default suite -->
</testng-results>
